(-17, [-50, -50, -50, -50, -50, -50, -50, -50, -50, -50, -50])
(-17, [-25, -50, -50, -50, -50, -50, -50, -50, -50, -50, -50])
(-17, [0, -50, -50, -50, -50, -50, -50, -50, -50, -50, -50])
(-16, [25, -50, -50, -50, -50, -50, -50, -50, -50, -50, -50])
(-15, [50, -50, -50, -50, -50, -50, -50, -50, -50, -50, -50])
(-17, [50, -25, -50, -50, -50, -50, -50, -50, -50, -50, -50])
(-16, [50, 0, -50, -50, -50, -50, -50, -50, -50, -50, -50])
(-16, [50, 25, -50, -50, -50, -50, -50, -50, -50, -50, -50])
(-17, [50, 50, -50, -50, -50, -50, -50, -50, -50, -50, -50])
(-16, [50, 50, -25, -50, -50, -50, -50, -50, -50, -50, -50])
(-18, [50, 50, 0, -50, -50, -50, -50, -50, -50, -50, -50])
(-15, [50, 50, 25, -50, -50, -50, -50, -50, -50, -50, -50])
(-17, [50, 50, 50, -50, -50, -50, -50, -50, -50, -50, -50])
(-17, [50, 50, 50, -25, -50, -50, -50, -50, -50, -50, -50])
(-18, [50, 50, 50, 0, -50, -50, -50, -50, -50, -50, -50])
(-16, [50, 50, 50, 25, -50, -50, -50, -50, -50, -50, -50])
(-17, [50, 50, 50, 50, -50, -50, -50, -50, -50, -50, -50])
(-17, [50, 50, 50, 50, -25, -50, -50, -50, -50, -50, -50])
(-18, [50, 50, 50, 50, 0, -50, -50, -50, -50, -50, -50])
(-18, [50, 50, 50, 50, 25, -50, -50, -50, -50, -50, -50])
(-18, [50, 50, 50, 50, 50, -50, -50, -50, -50, -50, -50])
(-17, [50, 50, 50, 50, 50, -25, -50, -50, -50, -50, -50])
(-17, [50, 50, 50, 50, 50, 0, -50, -50, -50, -50, -50])
(-17, [50, 50, 50, 50, 50, 25, -50, -50, -50, -50, -50])
(-17, [50, 50, 50, 50, 50, 50, -50, -50, -50, -50, -50])
Traceback (most recent call last):
  File "find_weights.py", line 19, in <module>
    out,err = p.communicate()
IndexError: list index out of range
